e:\ackerman\zhyz\server\x64\debug\vc142.pdb
e:\ackerman\zhyz\server\x64\debug\vc142.idb
e:\ackerman\zhyz\server\x64\debug\tools.obj
e:\ackerman\zhyz\server\x64\debug\loginserver.obj
e:\ackerman\zhyz\server\x64\debug\server.tlog\cl.command.1.tlog
e:\ackerman\zhyz\server\x64\debug\server.tlog\cl.read.1.tlog
e:\ackerman\zhyz\server\x64\debug\server.tlog\cl.write.1.tlog
e:\ackerman\zhyz\server\x64\debug\server.tlog\link-cvtres.read.1.tlog
e:\ackerman\zhyz\server\x64\debug\server.tlog\link-cvtres.write.1.tlog
e:\ackerman\zhyz\server\x64\debug\server.tlog\link-rc.read.1.tlog
e:\ackerman\zhyz\server\x64\debug\server.tlog\link-rc.write.1.tlog
e:\ackerman\zhyz\server\x64\debug\server.tlog\link.21720-cvtres.read.1.tlog
e:\ackerman\zhyz\server\x64\debug\server.tlog\link.21720-cvtres.write.1.tlog
e:\ackerman\zhyz\server\x64\debug\server.tlog\link.21720-rc.read.1.tlog
e:\ackerman\zhyz\server\x64\debug\server.tlog\link.21720-rc.write.1.tlog
e:\ackerman\zhyz\server\x64\debug\server.tlog\link.21720.read.1.tlog
e:\ackerman\zhyz\server\x64\debug\server.tlog\link.21720.write.1.tlog
e:\ackerman\zhyz\server\x64\debug\server.tlog\link.command.1.tlog
e:\ackerman\zhyz\server\x64\debug\server.tlog\link.read.1.tlog
e:\ackerman\zhyz\server\x64\debug\server.tlog\link.write.1.tlog
