e:\ackerman\gproject\hotfixframework\server\server\x64\release\vc142.pdb
e:\ackerman\gproject\hotfixframework\server\server\x64\release\tools.obj
e:\ackerman\gproject\hotfixframework\server\server\x64\release\test01.obj
e:\ackerman\gproject\hotfixframework\server\server\x64\release\stdafx.obj
e:\ackerman\gproject\hotfixframework\server\server\x64\release\lsnetsessionmgr.obj
e:\ackerman\gproject\hotfixframework\server\server\x64\release\loginserver.obj
e:\ackerman\gproject\hotfixframework\server\server\x64\release\httpserver.obj
e:\ackerman\gproject\hotfixframework\server\server\x64\release\netstart.obj
e:\ackerman\gproject\hotfixframework\server\server\x64\release\tcpmgr.obj
d:\ackerman\hotfixframework\server\server\x64\release\vc142.pdb
d:\ackerman\hotfixframework\server\server\x64\release\tools.obj
d:\ackerman\hotfixframework\server\server\x64\release\test01.obj
d:\ackerman\hotfixframework\server\server\x64\release\stdafx.obj
d:\ackerman\hotfixframework\server\server\x64\release\tcpmgr.obj
d:\ackerman\hotfixframework\server\server\x64\release\messagemgr.obj
d:\ackerman\hotfixframework\server\server\x64\release\lsnetsessionmgr.obj
d:\ackerman\hotfixframework\server\server\x64\release\netstart.obj
d:\ackerman\hotfixframework\server\server\x64\release\loginserver.obj
d:\ackerman\hotfixframework\server\server\x64\release\httpserver.obj
e:\ackerman\gproject\hotfixframework\server\server\x64\release\server.exe
e:\ackerman\gproject\hotfixframework\server\server\x64\release\server.pdb
e:\ackerman\gproject\hotfixframework\server\server\x64\release\server.ipdb
e:\ackerman\gproject\hotfixframework\server\server\x64\release\server.iobj
d:\ackerman\hotfixframework\server\server\x64\release\server.ipdb
d:\ackerman\hotfixframework\server\server\x64\release\server.iobj
d:\ackerman\hotfixframework\server\server\x64\release\server.pdb
d:\ackerman\hotfixframework\server\server\x64\release\server.tlog\cl.command.1.tlog
d:\ackerman\hotfixframework\server\server\x64\release\server.tlog\cl.read.1.tlog
d:\ackerman\hotfixframework\server\server\x64\release\server.tlog\cl.write.1.tlog
d:\ackerman\hotfixframework\server\server\x64\release\server.tlog\link.command.1.tlog
d:\ackerman\hotfixframework\server\server\x64\release\server.tlog\link.read.1.tlog
d:\ackerman\hotfixframework\server\server\x64\release\server.tlog\link.write.1.tlog
d:\ackerman\hotfixframework\server\server\x64\release\server.tlog\server.write.1u.tlog
